<?xml version="1.0" encoding="UTF-8"?>
<testng-results ignored="0" total="0" passed="0" failed="0" skipped="0">
  <reporter-output>
  </reporter-output>
  <suite started-at="2023-03-28T19:57:00 BST" name="hudl.RunnerTest" finished-at="2023-03-28T19:57:01 BST" duration-ms="596">
    <groups>
      <group name="cucumber">
        <method signature="RunnerTest.feature(cucumber.api.testng.CucumberFeatureWrapper)[pri:0, instance:hudl.RunnerTest@5c33f1a9]" name="feature" class="hudl.RunnerTest"/>
      </group> <!-- cucumber -->
    </groups>
    <test started-at="2023-03-28T19:57:00 BST" name="Command line test" finished-at="2023-03-28T19:57:01 BST" duration-ms="596">
      <class name="hudl.RunnerTest">
        <test-method is-config="true" signature="setUpClass()[pri:0, instance:hudl.RunnerTest@5c33f1a9]" started-at="2023-03-28T19:57:00 BST" name="setUpClass" finished-at="2023-03-28T19:57:01 BST" duration-ms="286" status="PASS">
          <reporter-output>
          </reporter-output>
        </test-method> <!-- setUpClass -->
        <test-method is-config="true" signature="tearDownClass()[pri:0, instance:hudl.RunnerTest@5c33f1a9]" started-at="2023-03-28T19:57:01 BST" name="tearDownClass" finished-at="2023-03-28T19:57:01 BST" duration-ms="217" status="PASS">
          <reporter-output>
          </reporter-output>
        </test-method> <!-- tearDownClass -->
      </class> <!-- hudl.RunnerTest -->
    </test> <!-- Command line test -->
  </suite> <!-- hudl.RunnerTest -->
</testng-results>
