<?xml version="1.0" encoding="UTF-8"?><testng-results failed="0" passed="3" skipped="0" total="3">
<suite duration-ms="58971" name="cucumber.runtime.formatter.TestNGFormatter">
<test duration-ms="58971" name="cucumber.runtime.formatter.TestNGFormatter">
<class name="Login functionality of hudl coach home page">
<test-method duration-ms="29750" finished-at="2023-03-29T23:30:43Z" name="user is able to login with valid username and password" started-at="2023-03-29T23:30:14Z" status="PASS"/>
<test-method duration-ms="17599" finished-at="2023-03-29T23:31:01Z" name="Login page feature hudl with wrong username and password" started-at="2023-03-29T23:30:43Z" status="PASS"/>
<test-method duration-ms="11622" finished-at="2023-03-29T23:31:13Z" name="user is not able to login when credentials is not provided in the username and password field" started-at="2023-03-29T23:31:01Z" status="PASS"/>
</class>
</test>
</suite>
</testng-results>
